2019-05-20 14:55:06.730  INFO 13300 --- [main] com.yr.wechat.WechatApplicationTests     : Starting WechatApplicationTests on LAPTOP-6C4NU3TN with PID 13300 (started by 孤狼 in D:\WeChat\新建文件夹\wechat)
2019-05-20 14:55:06.737  INFO 13300 --- [main] com.yr.wechat.WechatApplicationTests     : The following profiles are active: prod
2019-05-20 14:55:06.821  INFO 13300 --- [main] o.s.w.c.s.GenericWebApplicationContext   : Refreshing org.springframework.web.context.support.GenericWebApplicationContext@67b9b51a: startup date [Mon May 20 14:55:06 CST 2019]; root of context hierarchy
2019-05-20 14:55:10.159  INFO 13300 --- [main] .s.d.r.c.RepositoryConfigurationDelegate : Multiple Spring Data modules found, entering strict repository configuration mode!
2019-05-20 14:55:12.129  INFO 13300 --- [main] trationDelegate$BeanPostProcessorChecker : Bean 'org.springframework.transaction.annotation.ProxyTransactionManagementConfiguration' of type [org.springframework.transaction.annotation.ProxyTransactionManagementConfiguration$$EnhancerBySpringCGLIB$$57df34d5] is not eligible for getting processed by all BeanPostProcessors (for example: not eligible for auto-proxying)
2019-05-20 14:55:12.688  INFO 13300 --- [main] c.a.d.s.b.a.DruidDataSourceAutoConfigure : Init DruidDataSource
2019-05-20 14:55:13.147  INFO 13300 --- [main] com.alibaba.druid.pool.DruidDataSource   : {dataSource-1} inited
2019-05-20 14:55:16.916  INFO 13300 --- [main] s.w.s.m.m.a.RequestMappingHandlerMapping : Mapped "{[/Car/updataCarbyCarNum],methods=[PUT]}" onto public void com.yr.wechat.web.controller.CarController.UpdataCarByCarNum(java.lang.String,java.lang.String,java.lang.String,java.lang.String,java.lang.String,java.lang.String,java.lang.String,java.lang.String,java.lang.String,java.lang.String,java.lang.String)
2019-05-20 14:55:16.917  INFO 13300 --- [main] s.w.s.m.m.a.RequestMappingHandlerMapping : Mapped "{[/Car/UpdataCarInfoByCarNum],methods=[PUT]}" onto public void com.yr.wechat.web.controller.CarController.UpdataCarInfoByCarNum(java.lang.String,java.lang.String,java.lang.String)
2019-05-20 14:55:16.919  INFO 13300 --- [main] s.w.s.m.m.a.RequestMappingHandlerMapping : Mapped "{[/Car/SetCarSeat],methods=[PUT]}" onto public void com.yr.wechat.web.controller.CarController.SetCarSeat(java.lang.String,java.lang.String,java.lang.String,java.lang.String)
2019-05-20 14:55:16.919  INFO 13300 --- [main] s.w.s.m.m.a.RequestMappingHandlerMapping : Mapped "{[/Car/getCarInfo],methods=[GET]}" onto public com.yr.wechat.mybatis.pojo.Car com.yr.wechat.web.controller.CarController.getCarInfo(java.lang.String)
2019-05-20 14:55:16.920  INFO 13300 --- [main] s.w.s.m.m.a.RequestMappingHandlerMapping : Mapped "{[/Car],methods=[PUT]}" onto public org.springframework.http.ResponseEntity<?> com.yr.wechat.web.common.BaseController.put(T)
2019-05-20 14:55:16.920  INFO 13300 --- [main] s.w.s.m.m.a.RequestMappingHandlerMapping : Mapped "{[/Car/{id}],methods=[DELETE]}" onto public org.springframework.http.ResponseEntity<?> com.yr.wechat.web.common.BaseController.delete(java.lang.Long)
2019-05-20 14:55:16.920  INFO 13300 --- [main] s.w.s.m.m.a.RequestMappingHandlerMapping : Mapped "{[/Car],methods=[DELETE]}" onto public org.springframework.http.ResponseEntity<?> com.yr.wechat.web.common.BaseController.delete(com.yr.wechat.web.common.QueryParameter[])
2019-05-20 14:55:16.920  INFO 13300 --- [main] s.w.s.m.m.a.RequestMappingHandlerMapping : Mapped "{[/Car/all/{page}],methods=[GET]}" onto public org.springframework.http.ResponseEntity<?> com.yr.wechat.web.common.BaseController.search(java.lang.String,java.lang.String,java.lang.String,int) throws java.lang.Exception
2019-05-20 14:55:16.922  INFO 13300 --- [main] s.w.s.m.m.a.RequestMappingHandlerMapping : Mapped "{[/Car/all/{page}],methods=[POST]}" onto public org.springframework.http.ResponseEntity<?> com.yr.wechat.web.common.BaseController.search(com.yr.wechat.web.common.QueryParameter[],java.lang.String,int) throws java.lang.Exception
2019-05-20 14:55:16.922  INFO 13300 --- [main] s.w.s.m.m.a.RequestMappingHandlerMapping : Mapped "{[/Car/top/{number}],methods=[POST]}" onto public org.springframework.http.ResponseEntity<?> com.yr.wechat.web.common.BaseController.search(com.yr.wechat.web.common.QueryParameter[],int) throws java.lang.Exception
2019-05-20 14:55:16.923  INFO 13300 --- [main] s.w.s.m.m.a.RequestMappingHandlerMapping : Mapped "{[/Car],methods=[POST]}" onto public org.springframework.http.ResponseEntity<?> com.yr.wechat.web.common.BaseController.post(T)
2019-05-20 14:55:16.925  INFO 13300 --- [main] s.w.s.m.m.a.RequestMappingHandlerMapping : Mapped "{[/Car/list],methods=[POST]}" onto public org.springframework.http.ResponseEntity<?> com.yr.wechat.web.common.BaseController.post(java.util.List<T>)
2019-05-20 14:55:16.926  INFO 13300 --- [main] s.w.s.m.m.a.RequestMappingHandlerMapping : Mapped "{[/Car/{id}],methods=[GET]}" onto public org.springframework.http.ResponseEntity<?> com.yr.wechat.web.common.BaseController.selectById(java.lang.Long)
2019-05-20 14:55:16.927  INFO 13300 --- [main] s.w.s.m.m.a.RequestMappingHandlerMapping : Mapped "{[/Car/all],methods=[DELETE]}" onto public org.springframework.http.ResponseEntity<?> com.yr.wechat.web.common.BaseController.deleteAll()
2019-05-20 14:55:16.927  INFO 13300 --- [main] s.w.s.m.m.a.RequestMappingHandlerMapping : Mapped "{[/News/addnews],methods=[PUT]}" onto public void com.yr.wechat.web.controller.NewsController.AddNews(java.lang.String,java.lang.String)
2019-05-20 14:55:16.927  INFO 13300 --- [main] s.w.s.m.m.a.RequestMappingHandlerMapping : Mapped "{[/News/showNews],methods=[PUT]}" onto public void com.yr.wechat.web.controller.NewsController.showNews(java.lang.String)
2019-05-20 14:55:16.927  INFO 13300 --- [main] s.w.s.m.m.a.RequestMappingHandlerMapping : Mapped "{[/News/SelectNews],methods=[GET]}" onto public java.util.List<com.yr.wechat.mybatis.pojo.News> com.yr.wechat.web.controller.NewsController.selectNews(java.lang.String)
2019-05-20 14:55:16.927  INFO 13300 --- [main] s.w.s.m.m.a.RequestMappingHandlerMapping : Mapped "{[/News],methods=[PUT]}" onto public org.springframework.http.ResponseEntity<?> com.yr.wechat.web.common.BaseController.put(T)
2019-05-20 14:55:16.927  INFO 13300 --- [main] s.w.s.m.m.a.RequestMappingHandlerMapping : Mapped "{[/News/{id}],methods=[DELETE]}" onto public org.springframework.http.ResponseEntity<?> com.yr.wechat.web.common.BaseController.delete(java.lang.Long)
2019-05-20 14:55:16.936  INFO 13300 --- [main] s.w.s.m.m.a.RequestMappingHandlerMapping : Mapped "{[/News],methods=[DELETE]}" onto public org.springframework.http.ResponseEntity<?> com.yr.wechat.web.common.BaseController.delete(com.yr.wechat.web.common.QueryParameter[])
2019-05-20 14:55:16.936  INFO 13300 --- [main] s.w.s.m.m.a.RequestMappingHandlerMapping : Mapped "{[/News/all/{page}],methods=[GET]}" onto public org.springframework.http.ResponseEntity<?> com.yr.wechat.web.common.BaseController.search(java.lang.String,java.lang.String,java.lang.String,int) throws java.lang.Exception
2019-05-20 14:55:16.936  INFO 13300 --- [main] s.w.s.m.m.a.RequestMappingHandlerMapping : Mapped "{[/News/all/{page}],methods=[POST]}" onto public org.springframework.http.ResponseEntity<?> com.yr.wechat.web.common.BaseController.search(com.yr.wechat.web.common.QueryParameter[],java.lang.String,int) throws java.lang.Exception
2019-05-20 14:55:16.936  INFO 13300 --- [main] s.w.s.m.m.a.RequestMappingHandlerMapping : Mapped "{[/News/top/{number}],methods=[POST]}" onto public org.springframework.http.ResponseEntity<?> com.yr.wechat.web.common.BaseController.search(com.yr.wechat.web.common.QueryParameter[],int) throws java.lang.Exception
2019-05-20 14:55:16.936  INFO 13300 --- [main] s.w.s.m.m.a.RequestMappingHandlerMapping : Mapped "{[/News],methods=[POST]}" onto public org.springframework.http.ResponseEntity<?> com.yr.wechat.web.common.BaseController.post(T)
2019-05-20 14:55:16.936  INFO 13300 --- [main] s.w.s.m.m.a.RequestMappingHandlerMapping : Mapped "{[/News/list],methods=[POST]}" onto public org.springframework.http.ResponseEntity<?> com.yr.wechat.web.common.BaseController.post(java.util.List<T>)
2019-05-20 14:55:16.936  INFO 13300 --- [main] s.w.s.m.m.a.RequestMappingHandlerMapping : Mapped "{[/News/{id}],methods=[GET]}" onto public org.springframework.http.ResponseEntity<?> com.yr.wechat.web.common.BaseController.selectById(java.lang.Long)
2019-05-20 14:55:16.936  INFO 13300 --- [main] s.w.s.m.m.a.RequestMappingHandlerMapping : Mapped "{[/News/all],methods=[DELETE]}" onto public org.springframework.http.ResponseEntity<?> com.yr.wechat.web.common.BaseController.deleteAll()
2019-05-20 14:55:16.950  INFO 13300 --- [main] s.w.s.m.m.a.RequestMappingHandlerMapping : Mapped "{[/Reserve/UpdateSituation],methods=[PUT]}" onto public java.lang.String com.yr.wechat.web.controller.ReserveController.UpdateSituation(java.lang.String)
2019-05-20 14:55:16.957  INFO 13300 --- [main] s.w.s.m.m.a.RequestMappingHandlerMapping : Mapped "{[/Reserve/YN],methods=[GET]}" onto public java.lang.String com.yr.wechat.web.controller.ReserveController.YN(java.lang.String)
2019-05-20 14:55:16.957  INFO 13300 --- [main] s.w.s.m.m.a.RequestMappingHandlerMapping : Mapped "{[/Reserve/AddReserve],methods=[PUT]}" onto public void com.yr.wechat.web.controller.ReserveController.AddReserve(java.lang.String,java.lang.String,java.lang.String,java.lang.String)
2019-05-20 14:55:16.957  INFO 13300 --- [main] s.w.s.m.m.a.RequestMappingHandlerMapping : Mapped "{[/Reserve/getReserve],methods=[GET]}" onto public com.yr.wechat.mybatis.pojo.UserReserve com.yr.wechat.web.controller.ReserveController.getReserve(java.lang.String)
2019-05-20 14:55:16.957  INFO 13300 --- [main] s.w.s.m.m.a.RequestMappingHandlerMapping : Mapped "{[/Reserve/updatetime],methods=[PUT]}" onto public java.lang.String com.yr.wechat.web.controller.ReserveController.UpdateTime(java.lang.String,int)
2019-05-20 14:55:16.957  INFO 13300 --- [main] s.w.s.m.m.a.RequestMappingHandlerMapping : Mapped "{[/Reserve/delectReserve],methods=[PUT]}" onto public void com.yr.wechat.web.controller.ReserveController.delectReserve(java.lang.String)
2019-05-20 14:55:16.957  INFO 13300 --- [main] s.w.s.m.m.a.RequestMappingHandlerMapping : Mapped "{[/Reserve/UpdateTimeYN],methods=[GET]}" onto public java.lang.String com.yr.wechat.web.controller.ReserveController.UpdateTimeYN(java.lang.String)
2019-05-20 14:55:16.957  INFO 13300 --- [main] s.w.s.m.m.a.RequestMappingHandlerMapping : Mapped "{[/Reserve],methods=[PUT]}" onto public org.springframework.http.ResponseEntity<?> com.yr.wechat.web.common.BaseController.put(T)
2019-05-20 14:55:16.957  INFO 13300 --- [main] s.w.s.m.m.a.RequestMappingHandlerMapping : Mapped "{[/Reserve/{id}],methods=[DELETE]}" onto public org.springframework.http.ResponseEntity<?> com.yr.wechat.web.common.BaseController.delete(java.lang.Long)
2019-05-20 14:55:16.957  INFO 13300 --- [main] s.w.s.m.m.a.RequestMappingHandlerMapping : Mapped "{[/Reserve],methods=[DELETE]}" onto public org.springframework.http.ResponseEntity<?> com.yr.wechat.web.common.BaseController.delete(com.yr.wechat.web.common.QueryParameter[])
2019-05-20 14:55:16.957  INFO 13300 --- [main] s.w.s.m.m.a.RequestMappingHandlerMapping : Mapped "{[/Reserve/all/{page}],methods=[GET]}" onto public org.springframework.http.ResponseEntity<?> com.yr.wechat.web.common.BaseController.search(java.lang.String,java.lang.String,java.lang.String,int) throws java.lang.Exception
2019-05-20 14:55:16.957  INFO 13300 --- [main] s.w.s.m.m.a.RequestMappingHandlerMapping : Mapped "{[/Reserve/all/{page}],methods=[POST]}" onto public org.springframework.http.ResponseEntity<?> com.yr.wechat.web.common.BaseController.search(com.yr.wechat.web.common.QueryParameter[],java.lang.String,int) throws java.lang.Exception
2019-05-20 14:55:16.957  INFO 13300 --- [main] s.w.s.m.m.a.RequestMappingHandlerMapping : Mapped "{[/Reserve/top/{number}],methods=[POST]}" onto public org.springframework.http.ResponseEntity<?> com.yr.wechat.web.common.BaseController.search(com.yr.wechat.web.common.QueryParameter[],int) throws java.lang.Exception
2019-05-20 14:55:16.957  INFO 13300 --- [main] s.w.s.m.m.a.RequestMappingHandlerMapping : Mapped "{[/Reserve],methods=[POST]}" onto public org.springframework.http.ResponseEntity<?> com.yr.wechat.web.common.BaseController.post(T)
2019-05-20 14:55:16.957  INFO 13300 --- [main] s.w.s.m.m.a.RequestMappingHandlerMapping : Mapped "{[/Reserve/list],methods=[POST]}" onto public org.springframework.http.ResponseEntity<?> com.yr.wechat.web.common.BaseController.post(java.util.List<T>)
2019-05-20 14:55:16.957  INFO 13300 --- [main] s.w.s.m.m.a.RequestMappingHandlerMapping : Mapped "{[/Reserve/{id}],methods=[GET]}" onto public org.springframework.http.ResponseEntity<?> com.yr.wechat.web.common.BaseController.selectById(java.lang.Long)
2019-05-20 14:55:16.957  INFO 13300 --- [main] s.w.s.m.m.a.RequestMappingHandlerMapping : Mapped "{[/Reserve/all],methods=[DELETE]}" onto public org.springframework.http.ResponseEntity<?> com.yr.wechat.web.common.BaseController.deleteAll()
2019-05-20 14:55:16.976  INFO 13300 --- [main] s.w.s.m.m.a.RequestMappingHandlerMapping : Mapped "{[/School/carReserveInfo],methods=[GET]}" onto public java.util.List<com.yr.wechat.mybatis.pojo.UserReserve> com.yr.wechat.web.controller.SchoolController.carReserveInfo(java.lang.String)
2019-05-20 14:55:16.976  INFO 13300 --- [main] s.w.s.m.m.a.RequestMappingHandlerMapping : Mapped "{[/School/selectSchool],methods=[GET]}" onto public java.util.List<com.yr.wechat.mybatis.pojo.School> com.yr.wechat.web.controller.SchoolController.selectSchool(java.lang.String)
2019-05-20 14:55:16.976  INFO 13300 --- [main] s.w.s.m.m.a.RequestMappingHandlerMapping : Mapped "{[/School/getCarbySchoolNum],methods=[GET]}" onto public java.util.List<com.yr.wechat.mybatis.pojo.Car> com.yr.wechat.web.controller.SchoolController.getCarbySchoolNum(java.lang.String)
2019-05-20 14:55:16.978  INFO 13300 --- [main] s.w.s.m.m.a.RequestMappingHandlerMapping : Mapped "{[/School],methods=[PUT]}" onto public org.springframework.http.ResponseEntity<?> com.yr.wechat.web.common.BaseController.put(T)
2019-05-20 14:55:16.979  INFO 13300 --- [main] s.w.s.m.m.a.RequestMappingHandlerMapping : Mapped "{[/School/{id}],methods=[DELETE]}" onto public org.springframework.http.ResponseEntity<?> com.yr.wechat.web.common.BaseController.delete(java.lang.Long)
2019-05-20 14:55:16.979  INFO 13300 --- [main] s.w.s.m.m.a.RequestMappingHandlerMapping : Mapped "{[/School],methods=[DELETE]}" onto public org.springframework.http.ResponseEntity<?> com.yr.wechat.web.common.BaseController.delete(com.yr.wechat.web.common.QueryParameter[])
2019-05-20 14:55:16.979  INFO 13300 --- [main] s.w.s.m.m.a.RequestMappingHandlerMapping : Mapped "{[/School/all/{page}],methods=[GET]}" onto public org.springframework.http.ResponseEntity<?> com.yr.wechat.web.common.BaseController.search(java.lang.String,java.lang.String,java.lang.String,int) throws java.lang.Exception
2019-05-20 14:55:16.979  INFO 13300 --- [main] s.w.s.m.m.a.RequestMappingHandlerMapping : Mapped "{[/School/all/{page}],methods=[POST]}" onto public org.springframework.http.ResponseEntity<?> com.yr.wechat.web.common.BaseController.search(com.yr.wechat.web.common.QueryParameter[],java.lang.String,int) throws java.lang.Exception
2019-05-20 14:55:16.979  INFO 13300 --- [main] s.w.s.m.m.a.RequestMappingHandlerMapping : Mapped "{[/School/top/{number}],methods=[POST]}" onto public org.springframework.http.ResponseEntity<?> com.yr.wechat.web.common.BaseController.search(com.yr.wechat.web.common.QueryParameter[],int) throws java.lang.Exception
2019-05-20 14:55:16.983  INFO 13300 --- [main] s.w.s.m.m.a.RequestMappingHandlerMapping : Mapped "{[/School],methods=[POST]}" onto public org.springframework.http.ResponseEntity<?> com.yr.wechat.web.common.BaseController.post(T)
2019-05-20 14:55:16.983  INFO 13300 --- [main] s.w.s.m.m.a.RequestMappingHandlerMapping : Mapped "{[/School/list],methods=[POST]}" onto public org.springframework.http.ResponseEntity<?> com.yr.wechat.web.common.BaseController.post(java.util.List<T>)
2019-05-20 14:55:16.985  INFO 13300 --- [main] s.w.s.m.m.a.RequestMappingHandlerMapping : Mapped "{[/School/{id}],methods=[GET]}" onto public org.springframework.http.ResponseEntity<?> com.yr.wechat.web.common.BaseController.selectById(java.lang.Long)
2019-05-20 14:55:16.986  INFO 13300 --- [main] s.w.s.m.m.a.RequestMappingHandlerMapping : Mapped "{[/School/all],methods=[DELETE]}" onto public org.springframework.http.ResponseEntity<?> com.yr.wechat.web.common.BaseController.deleteAll()
2019-05-20 14:55:16.986  INFO 13300 --- [main] s.w.s.m.m.a.RequestMappingHandlerMapping : Mapped "{[/RecognizeUser],methods=[GET]}" onto public java.lang.String com.yr.wechat.web.controller.SqlController.RecognizeUser.recognize(java.lang.String)
2019-05-20 14:55:16.989  INFO 13300 --- [main] s.w.s.m.m.a.RequestMappingHandlerMapping : Mapped "{[/User/getNewInfo],methods=[GET]}" onto public java.util.List<com.yr.wechat.mybatis.pojo.News> com.yr.wechat.web.controller.UserController.getNewsInfo(java.lang.String)
2019-05-20 14:55:17.013  INFO 13300 --- [main] s.w.s.m.m.a.RequestMappingHandlerMapping : Mapped "{[/User/showcar],methods=[GET]}" onto public java.util.List<com.yr.wechat.mybatis.pojo.CarSeat> com.yr.wechat.web.controller.UserController.ShowCar(java.lang.String,java.lang.String)
2019-05-20 14:55:17.013  INFO 13300 --- [main] s.w.s.m.m.a.RequestMappingHandlerMapping : Mapped "{[/User/selectSchool],methods=[GET]}" onto public java.util.List<com.yr.wechat.mybatis.pojo.School> com.yr.wechat.web.controller.UserController.SelectSchool(java.lang.String)
2019-05-20 14:55:17.013  INFO 13300 --- [main] s.w.s.m.m.a.RequestMappingHandlerMapping : Mapped "{[/User],methods=[PUT]}" onto public org.springframework.http.ResponseEntity<?> com.yr.wechat.web.common.BaseController.put(T)
2019-05-20 14:55:17.015  INFO 13300 --- [main] s.w.s.m.m.a.RequestMappingHandlerMapping : Mapped "{[/User/{id}],methods=[DELETE]}" onto public org.springframework.http.ResponseEntity<?> com.yr.wechat.web.common.BaseController.delete(java.lang.Long)
2019-05-20 14:55:17.016  INFO 13300 --- [main] s.w.s.m.m.a.RequestMappingHandlerMapping : Mapped "{[/User],methods=[DELETE]}" onto public org.springframework.http.ResponseEntity<?> com.yr.wechat.web.common.BaseController.delete(com.yr.wechat.web.common.QueryParameter[])
2019-05-20 14:55:17.017  INFO 13300 --- [main] s.w.s.m.m.a.RequestMappingHandlerMapping : Mapped "{[/User/all/{page}],methods=[GET]}" onto public org.springframework.http.ResponseEntity<?> com.yr.wechat.web.common.BaseController.search(java.lang.String,java.lang.String,java.lang.String,int) throws java.lang.Exception
2019-05-20 14:55:17.018  INFO 13300 --- [main] s.w.s.m.m.a.RequestMappingHandlerMapping : Mapped "{[/User/all/{page}],methods=[POST]}" onto public org.springframework.http.ResponseEntity<?> com.yr.wechat.web.common.BaseController.search(com.yr.wechat.web.common.QueryParameter[],java.lang.String,int) throws java.lang.Exception
2019-05-20 14:55:17.018  INFO 13300 --- [main] s.w.s.m.m.a.RequestMappingHandlerMapping : Mapped "{[/User/top/{number}],methods=[POST]}" onto public org.springframework.http.ResponseEntity<?> com.yr.wechat.web.common.BaseController.search(com.yr.wechat.web.common.QueryParameter[],int) throws java.lang.Exception
2019-05-20 14:55:17.018  INFO 13300 --- [main] s.w.s.m.m.a.RequestMappingHandlerMapping : Mapped "{[/User],methods=[POST]}" onto public org.springframework.http.ResponseEntity<?> com.yr.wechat.web.common.BaseController.post(T)
2019-05-20 14:55:17.018  INFO 13300 --- [main] s.w.s.m.m.a.RequestMappingHandlerMapping : Mapped "{[/User/list],methods=[POST]}" onto public org.springframework.http.ResponseEntity<?> com.yr.wechat.web.common.BaseController.post(java.util.List<T>)
2019-05-20 14:55:17.018  INFO 13300 --- [main] s.w.s.m.m.a.RequestMappingHandlerMapping : Mapped "{[/User/{id}],methods=[GET]}" onto public org.springframework.http.ResponseEntity<?> com.yr.wechat.web.common.BaseController.selectById(java.lang.Long)
2019-05-20 14:55:17.018  INFO 13300 --- [main] s.w.s.m.m.a.RequestMappingHandlerMapping : Mapped "{[/User/all],methods=[DELETE]}" onto public org.springframework.http.ResponseEntity<?> com.yr.wechat.web.common.BaseController.deleteAll()
2019-05-20 14:55:17.024  INFO 13300 --- [main] s.w.s.m.m.a.RequestMappingHandlerMapping : Mapped "{[/swagger-resources/configuration/ui]}" onto public org.springframework.http.ResponseEntity<springfox.documentation.swagger.web.UiConfiguration> springfox.documentation.swagger.web.ApiResourceController.uiConfiguration()
2019-05-20 14:55:17.026  INFO 13300 --- [main] s.w.s.m.m.a.RequestMappingHandlerMapping : Mapped "{[/swagger-resources]}" onto public org.springframework.http.ResponseEntity<java.util.List<springfox.documentation.swagger.web.SwaggerResource>> springfox.documentation.swagger.web.ApiResourceController.swaggerResources()
2019-05-20 14:55:17.026  INFO 13300 --- [main] s.w.s.m.m.a.RequestMappingHandlerMapping : Mapped "{[/swagger-resources/configuration/security]}" onto public org.springframework.http.ResponseEntity<springfox.documentation.swagger.web.SecurityConfiguration> springfox.documentation.swagger.web.ApiResourceController.securityConfiguration()
2019-05-20 14:55:17.034  INFO 13300 --- [main] s.w.s.m.m.a.RequestMappingHandlerMapping : Mapped "{[/error]}" onto public org.springframework.http.ResponseEntity<java.util.Map<java.lang.String, java.lang.Object>> org.springframework.boot.autoconfigure.web.servlet.error.BasicErrorController.error(javax.servlet.http.HttpServletRequest)
2019-05-20 14:55:17.036  INFO 13300 --- [main] s.w.s.m.m.a.RequestMappingHandlerMapping : Mapped "{[/error],produces=[text/html]}" onto public org.springframework.web.servlet.ModelAndView org.springframework.boot.autoconfigure.web.servlet.error.BasicErrorController.errorHtml(javax.servlet.http.HttpServletRequest,javax.servlet.http.HttpServletResponse)
2019-05-20 14:55:17.440  INFO 13300 --- [main] pertySourcedRequestMappingHandlerMapping : Mapped URL path [/v2/api-docs] onto method [public org.springframework.http.ResponseEntity<springfox.documentation.spring.web.json.Json> springfox.documentation.swagger2.web.Swagger2Controller.getDocumentation(java.lang.String,javax.servlet.http.HttpServletRequest)]
2019-05-20 14:55:17.578  INFO 13300 --- [main] o.s.w.s.handler.SimpleUrlHandlerMapping  : Mapped URL path [/static/**] onto handler of type [class org.springframework.web.servlet.resource.ResourceHttpRequestHandler]
2019-05-20 14:55:17.578  INFO 13300 --- [main] o.s.w.s.handler.SimpleUrlHandlerMapping  : Mapped URL path [/swagger-ui.html] onto handler of type [class org.springframework.web.servlet.resource.ResourceHttpRequestHandler]
2019-05-20 14:55:17.578  INFO 13300 --- [main] o.s.w.s.handler.SimpleUrlHandlerMapping  : Mapped URL path [/webjars/**] onto handler of type [class org.springframework.web.servlet.resource.ResourceHttpRequestHandler]
2019-05-20 14:55:17.716  INFO 13300 --- [main] s.w.s.m.m.a.RequestMappingHandlerAdapter : Looking for @ControllerAdvice: org.springframework.web.context.support.GenericWebApplicationContext@67b9b51a: startup date [Mon May 20 14:55:06 CST 2019]; root of context hierarchy
2019-05-20 14:55:21.185  INFO 13300 --- [main] o.s.ui.freemarker.SpringTemplateLoader   : SpringTemplateLoader for FreeMarker: using resource loader [org.springframework.web.context.support.GenericWebApplicationContext@67b9b51a: startup date [Mon May 20 14:55:06 CST 2019]; root of context hierarchy] and template loader path [classpath:/templates/]
2019-05-20 14:55:21.187  INFO 13300 --- [main] o.s.w.s.v.f.FreeMarkerConfigurer         : ClassTemplateLoader for Spring macros added to FreeMarker configuration
2019-05-20 14:55:21.275  WARN 13300 --- [main] o.s.b.a.f.FreeMarkerAutoConfiguration    : Cannot find template location(s): [classpath:/templates/] (please add some templates, check your FreeMarker configuration, or set spring.freemarker.checkTemplateLocation=false)
2019-05-20 14:55:22.190  INFO 13300 --- [main] org.quartz.impl.StdSchedulerFactory      : Using default implementation for ThreadExecutor
2019-05-20 14:55:22.239  INFO 13300 --- [main] org.quartz.core.SchedulerSignalerImpl    : Initialized Scheduler Signaller of type: class org.quartz.core.SchedulerSignalerImpl
2019-05-20 14:55:22.239  INFO 13300 --- [main] org.quartz.core.QuartzScheduler          : Quartz Scheduler v.2.3.0 created.
2019-05-20 14:55:22.239  INFO 13300 --- [main] org.quartz.simpl.RAMJobStore             : RAMJobStore initialized.
2019-05-20 14:55:22.239  INFO 13300 --- [main] org.quartz.core.QuartzScheduler          : Scheduler meta-data: Quartz Scheduler (v2.3.0) 'quartzScheduler' with instanceId 'NON_CLUSTERED'
  Scheduler class: 'org.quartz.core.QuartzScheduler' - running locally.
  NOT STARTED.
  Currently in standby mode.
  Number of jobs executed: 0
  Using thread pool 'org.quartz.simpl.SimpleThreadPool' - with 10 threads.
  Using job-store 'org.quartz.simpl.RAMJobStore' - which does not support persistence. and is not clustered.

2019-05-20 14:55:22.239  INFO 13300 --- [main] org.quartz.impl.StdSchedulerFactory      : Quartz scheduler 'quartzScheduler' initialized from an externally provided properties instance.
2019-05-20 14:55:22.239  INFO 13300 --- [main] org.quartz.impl.StdSchedulerFactory      : Quartz scheduler version: 2.3.0
2019-05-20 14:55:22.239  INFO 13300 --- [main] org.quartz.core.QuartzScheduler          : JobFactory set to: org.springframework.boot.autoconfigure.quartz.AutowireCapableBeanJobFactory@76596288
2019-05-20 14:55:22.544  INFO 13300 --- [main] o.s.c.support.DefaultLifecycleProcessor  : Starting beans in phase 2147483647
2019-05-20 14:55:22.544  INFO 13300 --- [main] d.s.w.p.DocumentationPluginsBootstrapper : Context refreshed
2019-05-20 14:55:22.605  INFO 13300 --- [main] d.s.w.p.DocumentationPluginsBootstrapper : Found 1 custom documentation plugin(s)
2019-05-20 14:55:22.930  INFO 13300 --- [main] s.d.s.w.s.ApiListingReferenceScanner     : Scanning for api listing references
2019-05-20 14:55:23.848  INFO 13300 --- [main] .d.s.w.r.o.CachingOperationNameGenerator : Generating unique operation named: deleteUsingDELETE_1
2019-05-20 14:55:23.890  INFO 13300 --- [main] .d.s.w.r.o.CachingOperationNameGenerator : Generating unique operation named: postUsingPOST_1
2019-05-20 14:55:23.914  INFO 13300 --- [main] .d.s.w.r.o.CachingOperationNameGenerator : Generating unique operation named: searchUsingPOST_1
2019-05-20 14:55:23.947  INFO 13300 --- [main] .d.s.w.r.o.CachingOperationNameGenerator : Generating unique operation named: deleteUsingDELETE_2
2019-05-20 14:55:23.967  INFO 13300 --- [main] .d.s.w.r.o.CachingOperationNameGenerator : Generating unique operation named: deleteUsingDELETE_3
2019-05-20 14:55:23.967  INFO 13300 --- [main] .d.s.w.r.o.CachingOperationNameGenerator : Generating unique operation named: deleteAllUsingDELETE_1
2019-05-20 14:55:23.967  INFO 13300 --- [main] .d.s.w.r.o.CachingOperationNameGenerator : Generating unique operation named: postUsingPOST_2
2019-05-20 14:55:23.983  INFO 13300 --- [main] .d.s.w.r.o.CachingOperationNameGenerator : Generating unique operation named: postUsingPOST_3
2019-05-20 14:55:23.983  INFO 13300 --- [main] .d.s.w.r.o.CachingOperationNameGenerator : Generating unique operation named: putUsingPUT_1
2019-05-20 14:55:23.991  INFO 13300 --- [main] .d.s.w.r.o.CachingOperationNameGenerator : Generating unique operation named: searchUsingGET_1
2019-05-20 14:55:23.995  INFO 13300 --- [main] .d.s.w.r.o.CachingOperationNameGenerator : Generating unique operation named: searchUsingPOST_2
2019-05-20 14:55:23.995  INFO 13300 --- [main] .d.s.w.r.o.CachingOperationNameGenerator : Generating unique operation named: searchUsingPOST_3
2019-05-20 14:55:23.995  INFO 13300 --- [main] .d.s.w.r.o.CachingOperationNameGenerator : Generating unique operation named: selectByIdUsingGET_1
2019-05-20 14:55:24.050  INFO 13300 --- [main] .d.s.w.r.o.CachingOperationNameGenerator : Generating unique operation named: deleteUsingDELETE_4
2019-05-20 14:55:24.058  INFO 13300 --- [main] .d.s.w.r.o.CachingOperationNameGenerator : Generating unique operation named: deleteUsingDELETE_5
2019-05-20 14:55:24.062  INFO 13300 --- [main] .d.s.w.r.o.CachingOperationNameGenerator : Generating unique operation named: deleteAllUsingDELETE_2
2019-05-20 14:55:24.073  INFO 13300 --- [main] .d.s.w.r.o.CachingOperationNameGenerator : Generating unique operation named: postUsingPOST_4
2019-05-20 14:55:24.077  INFO 13300 --- [main] .d.s.w.r.o.CachingOperationNameGenerator : Generating unique operation named: postUsingPOST_5
2019-05-20 14:55:24.078  INFO 13300 --- [main] .d.s.w.r.o.CachingOperationNameGenerator : Generating unique operation named: putUsingPUT_2
2019-05-20 14:55:24.084  INFO 13300 --- [main] .d.s.w.r.o.CachingOperationNameGenerator : Generating unique operation named: searchUsingGET_2
2019-05-20 14:55:24.088  INFO 13300 --- [main] .d.s.w.r.o.CachingOperationNameGenerator : Generating unique operation named: searchUsingPOST_4
2019-05-20 14:55:24.092  INFO 13300 --- [main] .d.s.w.r.o.CachingOperationNameGenerator : Generating unique operation named: searchUsingPOST_5
2019-05-20 14:55:24.092  INFO 13300 --- [main] .d.s.w.r.o.CachingOperationNameGenerator : Generating unique operation named: selectByIdUsingGET_2
2019-05-20 14:55:24.110  INFO 13300 --- [main] .d.s.w.r.o.CachingOperationNameGenerator : Generating unique operation named: deleteUsingDELETE_6
2019-05-20 14:55:24.115  INFO 13300 --- [main] .d.s.w.r.o.CachingOperationNameGenerator : Generating unique operation named: deleteUsingDELETE_7
2019-05-20 14:55:24.133  INFO 13300 --- [main] .d.s.w.r.o.CachingOperationNameGenerator : Generating unique operation named: deleteAllUsingDELETE_3
2019-05-20 14:55:24.133  INFO 13300 --- [main] .d.s.w.r.o.CachingOperationNameGenerator : Generating unique operation named: postUsingPOST_6
2019-05-20 14:55:24.133  INFO 13300 --- [main] .d.s.w.r.o.CachingOperationNameGenerator : Generating unique operation named: postUsingPOST_7
2019-05-20 14:55:24.150  INFO 13300 --- [main] .d.s.w.r.o.CachingOperationNameGenerator : Generating unique operation named: putUsingPUT_3
2019-05-20 14:55:24.151  INFO 13300 --- [main] .d.s.w.r.o.CachingOperationNameGenerator : Generating unique operation named: searchUsingGET_3
2019-05-20 14:55:24.151  INFO 13300 --- [main] .d.s.w.r.o.CachingOperationNameGenerator : Generating unique operation named: searchUsingPOST_6
2019-05-20 14:55:24.162  INFO 13300 --- [main] .d.s.w.r.o.CachingOperationNameGenerator : Generating unique operation named: searchUsingPOST_7
2019-05-20 14:55:24.166  INFO 13300 --- [main] .d.s.w.r.o.CachingOperationNameGenerator : Generating unique operation named: selectByIdUsingGET_3
2019-05-20 14:55:24.188  INFO 13300 --- [main] .d.s.w.r.o.CachingOperationNameGenerator : Generating unique operation named: deleteUsingDELETE_8
2019-05-20 14:55:24.194  INFO 13300 --- [main] .d.s.w.r.o.CachingOperationNameGenerator : Generating unique operation named: deleteUsingDELETE_9
2019-05-20 14:55:24.199  INFO 13300 --- [main] .d.s.w.r.o.CachingOperationNameGenerator : Generating unique operation named: deleteAllUsingDELETE_4
2019-05-20 14:55:24.204  INFO 13300 --- [main] .d.s.w.r.o.CachingOperationNameGenerator : Generating unique operation named: postUsingPOST_8
2019-05-20 14:55:24.209  INFO 13300 --- [main] .d.s.w.r.o.CachingOperationNameGenerator : Generating unique operation named: postUsingPOST_9
2019-05-20 14:55:24.211  INFO 13300 --- [main] .d.s.w.r.o.CachingOperationNameGenerator : Generating unique operation named: putUsingPUT_4
2019-05-20 14:55:24.216  INFO 13300 --- [main] .d.s.w.r.o.CachingOperationNameGenerator : Generating unique operation named: searchUsingGET_4
2019-05-20 14:55:24.217  INFO 13300 --- [main] .d.s.w.r.o.CachingOperationNameGenerator : Generating unique operation named: searchUsingPOST_8
2019-05-20 14:55:24.224  INFO 13300 --- [main] .d.s.w.r.o.CachingOperationNameGenerator : Generating unique operation named: searchUsingPOST_9
2019-05-20 14:55:24.227  INFO 13300 --- [main] .d.s.w.r.o.CachingOperationNameGenerator : Generating unique operation named: selectByIdUsingGET_4
2019-05-20 14:55:24.258  INFO 13300 --- [main] o.s.s.quartz.SchedulerFactoryBean        : Starting Quartz Scheduler now
2019-05-20 14:55:24.258  INFO 13300 --- [main] org.quartz.core.QuartzScheduler          : Scheduler quartzScheduler_$_NON_CLUSTERED started.
2019-05-20 14:55:24.269  INFO 13300 --- [main] s.a.ScheduledAnnotationBeanPostProcessor : No TaskScheduler/ScheduledExecutorService bean found for scheduled processing
2019-05-20 14:55:24.297  INFO 13300 --- [main] com.yr.wechat.WechatApplicationTests     : Started WechatApplicationTests in 18.664 seconds (JVM running for 25.487)
2019-05-20 14:55:31.367  INFO 13300 --- [Thread-2] o.s.w.c.s.GenericWebApplicationContext   : Closing org.springframework.web.context.support.GenericWebApplicationContext@67b9b51a: startup date [Mon May 20 14:55:06 CST 2019]; root of context hierarchy
2019-05-20 14:55:31.373  INFO 13300 --- [Thread-2] o.s.c.support.DefaultLifecycleProcessor  : Stopping beans in phase 2147483647
2019-05-20 14:55:31.375  INFO 13300 --- [Thread-2] org.quartz.core.QuartzScheduler          : Scheduler quartzScheduler_$_NON_CLUSTERED paused.
2019-05-20 14:55:31.376  INFO 13300 --- [Thread-2] o.s.s.quartz.SchedulerFactoryBean        : Shutting down Quartz Scheduler
2019-05-20 14:55:31.377  INFO 13300 --- [Thread-2] org.quartz.core.QuartzScheduler          : Scheduler quartzScheduler_$_NON_CLUSTERED shutting down.
2019-05-20 14:55:31.377  INFO 13300 --- [Thread-2] org.quartz.core.QuartzScheduler          : Scheduler quartzScheduler_$_NON_CLUSTERED paused.
2019-05-20 14:55:31.377  INFO 13300 --- [Thread-2] org.quartz.core.QuartzScheduler          : Scheduler quartzScheduler_$_NON_CLUSTERED shutdown complete.
2019-05-20 14:55:31.435  INFO 13300 --- [Thread-2] com.alibaba.druid.pool.DruidDataSource   : {dataSource-1} closed
